Detecting C compiler ABI info failed to compile with the following output:
Change Dir: /Users/baohongbin/Desktop/uxn/cmake-build-debug-system/CMakeFiles/CMakeScratch/TryCompile-eH1HED

Run Build Command(s):/Applications/CLion.app/Contents/bin/ninja/mac/ninja cmTC_9cca9 && [1/2] Building C object CMakeFiles/cmTC_9cca9.dir/CMakeCCompilerABI.c.o
FAILED: CMakeFiles/cmTC_9cca9.dir/CMakeCCompilerABI.c.o 
/usr/bin/c99   -arch arm64 -isysroot /Library/Developer/CommandLineTools/SDKs/MacOSX12.3.sdk -fcolor-diagnostics   -v -Wl,-v -MD -MT CMakeFiles/cmTC_9cca9.dir/CMakeCCompilerABI.c.o -MF CMakeFiles/cmTC_9cca9.dir/CMakeCCompilerABI.c.o.d -o CMakeFiles/cmTC_9cca9.dir/CMakeCCompilerABI.c.o -c /Applications/CLion.app/Contents/bin/cmake/mac/share/cmake-3.25/Modules/CMakeCCompilerABI.c
/Library/Developer/CommandLineTools/usr/bin/c99: illegal option -- a
usage: c99 [-cEgs] [-D name[=value]] [-I directory] ... [-L directory] ...
       [-o outfile] [-O optlevel] [-U name]... [-W 64] operand ...
ninja: build stopped: subcommand failed.




Determining if the C compiler works failed with the following output:
Change Dir: /Users/baohongbin/Desktop/uxn/cmake-build-debug-system/CMakeFiles/CMakeScratch/TryCompile-GrJ6Et

Run Build Command(s):/Applications/CLion.app/Contents/bin/ninja/mac/ninja cmTC_be3de && [1/2] Building C object CMakeFiles/cmTC_be3de.dir/testCCompiler.c.o
FAILED: CMakeFiles/cmTC_be3de.dir/testCCompiler.c.o 
/usr/bin/c99   -arch arm64 -isysroot /Library/Developer/CommandLineTools/SDKs/MacOSX12.3.sdk -fcolor-diagnostics -MD -MT CMakeFiles/cmTC_be3de.dir/testCCompiler.c.o -MF CMakeFiles/cmTC_be3de.dir/testCCompiler.c.o.d -o CMakeFiles/cmTC_be3de.dir/testCCompiler.c.o -c /Users/baohongbin/Desktop/uxn/cmake-build-debug-system/CMakeFiles/CMakeScratch/TryCompile-GrJ6Et/testCCompiler.c
/Library/Developer/CommandLineTools/usr/bin/c99: illegal option -- a
usage: c99 [-cEgs] [-D name[=value]] [-I directory] ... [-L directory] ...
       [-o outfile] [-O optlevel] [-U name]... [-W 64] operand ...
ninja: build stopped: subcommand failed.



